<?xml version="1.0" encoding="UTF-8"?>
<!-- Generated by org.testng.reporters.JUnitXMLReporter -->
<testsuite ignored="0" hostname="desktop-NILESH8083" failures="0" tests="2" name="Default test" time="50.245" errors="0" timestamp="2024-08-04T23:59:55 IST">
  <testcase classname="io.cucumber.testng.AbstractTestNGCucumberTests" name="runScenario" time="18.942"/>
  <testcase classname="io.cucumber.testng.AbstractTestNGCucumberTests" name="runScenario" time="18.408"/>
</testsuite> <!-- Default test -->
