<?xml version="1.0" encoding="UTF-8"?>
<testng-results ignored="0" total="2" passed="2" failed="0" skipped="0">
  <reporter-output>
  </reporter-output>
  <suite started-at="2024-08-04T23:59:05 IST" name="Default suite" finished-at="2024-08-04T23:59:55 IST" duration-ms="50245">
    <groups>
      <group name="cucumber">
        <method signature="AbstractTestNGCucumberTests.runScenario(io.cucumber.testng.PickleWrapper,io.cucumber.testng.FeatureWrapper)[pri:0, instance:TestRunner.RunnerTest@2794eab6]" name="runScenario" class="io.cucumber.testng.AbstractTestNGCucumberTests"/>
      </group> <!-- cucumber -->
    </groups>
    <test started-at="2024-08-04T23:59:05 IST" name="Default test" finished-at="2024-08-04T23:59:55 IST" duration-ms="50245">
      <class name="TestRunner.RunnerTest">
        <test-method is-config="true" signature="setUpClass(org.testng.ITestContext)[pri:0, instance:TestRunner.RunnerTest@2794eab6]" started-at="2024-08-04T23:59:05 IST" name="setUpClass" finished-at="2024-08-04T23:59:06 IST" duration-ms="1180" status="PASS">
          <params>
            <param index="0">
              <value>
                <![CDATA[org.testng.TestRunner@790ac3e0]]>
              </value>
            </param>
          </params>
          <reporter-output>
          </reporter-output>
        </test-method> <!-- setUpClass -->
        <test-method signature="runScenario(io.cucumber.testng.PickleWrapper,io.cucumber.testng.FeatureWrapper)[pri:0, instance:TestRunner.RunnerTest@2794eab6]" started-at="2024-08-04T23:59:06 IST" name="runScenario" description="Runs Cucumber Scenarios" data-provider="scenarios" finished-at="2024-08-04T23:59:25 IST" duration-ms="18942" status="PASS">
          <params>
            <param index="0">
              <value>
                <![CDATA["Test Contact us fuctionality"]]>
              </value>
            </param>
            <param index="1">
              <value>
                <![CDATA["Test Tendable Application"]]>
              </value>
            </param>
          </params>
          <reporter-output>
          </reporter-output>
        </test-method> <!-- runScenario -->
        <test-method signature="runScenario(io.cucumber.testng.PickleWrapper,io.cucumber.testng.FeatureWrapper)[pri:0, instance:TestRunner.RunnerTest@2794eab6]" started-at="2024-08-04T23:59:25 IST" name="runScenario" description="Runs Cucumber Scenarios" data-provider="scenarios" finished-at="2024-08-04T23:59:44 IST" duration-ms="18408" status="PASS">
          <params>
            <param index="0">
              <value>
                <![CDATA["Test Contact us fuctionality"]]>
              </value>
            </param>
            <param index="1">
              <value>
                <![CDATA["Test Tendable Application"]]>
              </value>
            </param>
          </params>
          <reporter-output>
          </reporter-output>
        </test-method> <!-- runScenario -->
        <test-method is-config="true" signature="tearDownClass()[pri:0, instance:TestRunner.RunnerTest@2794eab6]" started-at="2024-08-04T23:59:44 IST" name="tearDownClass" finished-at="2024-08-04T23:59:55 IST" duration-ms="11628" status="PASS">
          <reporter-output>
          </reporter-output>
        </test-method> <!-- tearDownClass -->
      </class> <!-- TestRunner.RunnerTest -->
    </test> <!-- Default test -->
  </suite> <!-- Default suite -->
</testng-results>
